
> nextn@0.1.0 build
> NODE_ENV=production next build

   ▲ Next.js 15.5.9
   - Environments: .env

   Creating an optimized production build ...
> [PWA] Compile server
> [PWA] Compile server
> [PWA] Compile client (static)
> [PWA] Auto register service worker with: /home/user/studio/node_modules/next-pwa/register.js
> [PWA] Service worker: /home/user/studio/public/sw.js
> [PWA]   url: /sw.js
> [PWA]   scope: /
> [PWA] Fallback to precache routes when fetch failed from cache or network:
> [PWA]   document (page): /offline.html
 ✓ Compiled successfully in 30.0s
   Linting and checking validity of types ...
Failed to compile.

./src/components/ui/calendar.tsx:59:9
Type error: Type '({ orientation }: { className?: string | undefined; size?: number | undefined; disabled?: boolean | undefined; orientation?: "left" | "right" | "up" | "down" | undefined; }) => Element | null' is not assignable to type '(props: { className?: string | undefined; size?: number | undefined; disabled?: boolean | undefined; orientation?: "left" | "right" | "up" | "down" | undefined; }) => Element'.
  Type 'Element | null' is not assignable to type 'Element'.
    Type 'null' is not assignable to type 'ReactElement<any, any>'.

[0m [90m 57 |[39m       }}
 [90m 58 |[39m       components[33m=[39m{{
[31m[1m>[22m[39m[90m 59 |[39m         [33mChevron[39m[33m:[39m ({ orientation }) [33m=>[39m {
 [90m    |[39m         [31m[1m^[22m[39m
 [90m 60 |[39m           [36mif[39m (orientation [33m===[39m [32m"left"[39m) [36mreturn[39m [33m<[39m[33mChevronLeft[39m className[33m=[39m[32m"h-4 w-4"[39m [33m/[39m[33m>[39m[33m;[39m
 [90m 61 |[39m           [36mif[39m (orientation [33m===[39m [32m"right"[39m) [36mreturn[39m [33m<[39m[33mChevronRight[39m className[33m=[39m[32m"h-4 w-4"[39m [33m/[39m[33m>[39m[33m;[39m
 [90m 62 |[39m           [36mreturn[39m [36mnull[39m[33m;[39m[0m
Next.js build worker exited with code: 1 and signal: null
