
> nextn@0.1.0 build
> NODE_ENV=production next build

   ▲ Next.js 15.5.9
   - Environments: .env

   Creating an optimized production build ...
> [PWA] Compile server
> [PWA] Compile server
> [PWA] Compile client (static)
> [PWA] Auto register service worker with: /home/user/studio/node_modules/next-pwa/register.js
> [PWA] Service worker: /home/user/studio/public/sw.js
> [PWA]   url: /sw.js
> [PWA]   scope: /
 ✓ Compiled successfully in 63s
   Linting and checking validity of types ...
   Collecting page data ...
[Error: Cannot find module './4586.js'
Require stack:
- /home/user/studio/.next/server/webpack-runtime.js
- /home/user/studio/.next/server/pages/_document.js
- /home/user/studio/node_modules/next/dist/server/require.js
- /home/user/studio/node_modules/next/dist/server/load-components.js
- /home/user/studio/node_modules/next/dist/build/utils.js
- /home/user/studio/node_modules/next/dist/build/worker.js
- /home/user/studio/node_modules/next/dist/compiled/jest-worker/processChild.js] {
  code: 'MODULE_NOT_FOUND',
  requireStack: [Array]
}

> Build error occurred
[Error: Failed to collect page data for /favicon.ico] { type: 'Error' }
